01:54:41 **** Build of configuration Debug for project Ejercicio_Onda_DAC_SinDMA ****
make -r -j16 all 
Building file: ../src/Ejercicio_Onda_DAC_SinDMA.c
Building file: ../src/cr_startup_lpc175x_6x.c
Building file: ../src/crp.c
Invoking: MCU C Compiler
arm-none-eabi-gcc -DDEBUG -D__CODE_RED -DCORE_M3 -D__USE_CMSIS=CMSISv2p00_LPC17xx -D__LPC17XX__ -D__REDLIB__ -O0 -fno-common -g3 -gdwarf-4 -Wall -c -fmessage-length=0 -fno-builtin -ffunction-sections -fdata-sections -fmerge-constants -fmacro-prefix-map="../src/"= -mcpu=cortex-m3 -mthumb -fstack-usage -specs=redlib.specs -MMD -MP -MF"src/Ejercicio_Onda_DAC_SinDMA.d" -MT"src/Ejercicio_Onda_DAC_SinDMA.o" -MT"src/Ejercicio_Onda_DAC_SinDMA.d" -o "src/Ejercicio_Onda_DAC_SinDMA.o" "../src/Ejercicio_Onda_DAC_SinDMA.c"
Invoking: MCU C Compiler
Invoking: MCU C Compiler
arm-none-eabi-gcc -DDEBUG -D__CODE_RED -DCORE_M3 -D__USE_CMSIS=CMSISv2p00_LPC17xx -D__LPC17XX__ -D__REDLIB__ -O0 -fno-common -g3 -gdwarf-4 -Wall -c -fmessage-length=0 -fno-builtin -ffunction-sections -fdata-sections -fmerge-constants -fmacro-prefix-map="../src/"= -mcpu=cortex-m3 -mthumb -fstack-usage -specs=redlib.specs -MMD -MP -MF"src/cr_startup_lpc175x_6x.d" -MT"src/cr_startup_lpc175x_6x.o" -MT"src/cr_startup_lpc175x_6x.d" -o "src/cr_startup_lpc175x_6x.o" "../src/cr_startup_lpc175x_6x.c"
arm-none-eabi-gcc -DDEBUG -D__CODE_RED -DCORE_M3 -D__USE_CMSIS=CMSISv2p00_LPC17xx -D__LPC17XX__ -D__REDLIB__ -O0 -fno-common -g3 -gdwarf-4 -Wall -c -fmessage-length=0 -fno-builtin -ffunction-sections -fdata-sections -fmerge-constants -fmacro-prefix-map="../src/"= -mcpu=cortex-m3 -mthumb -fstack-usage -specs=redlib.specs -MMD -MP -MF"src/crp.d" -MT"src/crp.o" -MT"src/crp.d" -o "src/crp.o" "../src/crp.c"
../src/Ejercicio_Onda_DAC_SinDMA.c:9:10: fatal error: LPC17xx.h: No such file or directory
    9 | #include "LPC17xx.h"
      |          ^~~~~~~~~~~
compilation terminated.
make[1]: *** [src/subdir.mk:26: src/Ejercicio_Onda_DAC_SinDMA.o] Error 1
make[1]: *** Waiting for unfinished jobs....
Finished building: ../src/crp.c
Finished building: ../src/cr_startup_lpc175x_6x.c
 
 
make: *** [makefile:35: all] Error 2
"make -r -j16 all" terminated with exit code 2. Build might be incomplete.

01:54:41 Build Failed. 4 errors, 0 warnings. (took 188ms)

