01:48:46 **** Incremental Build of configuration Debug for project PiedraPapelTijera ****
make -r -j16 all 
Building target: PiedraPapelTijera.axf
Invoking: MCU Linker
arm-none-eabi-gcc -nostdlib -L"C:\nxp\CMSISv2p00_LPC17xx\Debug" -Xlinker -Map="PiedraPapelTijera.map" -Xlinker --cref -Xlinker --gc-sections -Xlinker -print-memory-usage -mcpu=cortex-m3 -mthumb -T PiedraPapelTijera_Debug.ld -o "PiedraPapelTijera.axf" ./src/PiedraPapelTijera.o ./src/cr_startup_lpc175x_6x.o ./src/crp.o    -lCMSISv2p00_LPC17xx
C:/nxp/MCUXpressoIDE_25.6.136/ide/plugins/com.nxp.mcuxpresso.tools.win32_25.6.0.202501151204/tools/bin/../lib/gcc/arm-none-eabi/14.2.1/../../../../arm-none-eabi/bin/ld.exe: C:/nxp/MCUXpressoIDE_25.6.136/ide/plugins/com.nxp.mcuxpresso.tools.win32_25.6.0.202501151204/tools/bin/../lib/gcc/arm-none-eabi/14.2.1/../../../../arm-none-eabi/lib/thumb/v7-m/nofp\libcr_c.a(fpprintf.o): in function `printf':
/opt/jenkins/workspace/Libraries_RedEye/Redlib/redlib_clib/armv7-m/../src/fpprintf.c:578:(.text.printf+0x38): undefined reference to `__sys_write'
C:/nxp/MCUXpressoIDE_25.6.136/ide/plugins/com.nxp.mcuxpresso.tools.win32_25.6.0.202501151204/tools/bin/../lib/gcc/arm-none-eabi/14.2.1/../../../../arm-none-eabi/bin/ld.exe: /opt/jenkins/workspace/Libraries_RedEye/Redlib/redlib_clib/armv7-m/../src/fpprintf.c:584:(.text.printf+0x50): undefined reference to `__Ciob'
C:/nxp/MCUXpressoIDE_25.6.136/ide/plugins/com.nxp.mcuxpresso.tools.win32_25.6.0.202501151204/tools/bin/../lib/gcc/arm-none-eabi/14.2.1/../../../../arm-none-eabi/bin/ld.exe: C:/nxp/MCUXpressoIDE_25.6.136/ide/plugins/com.nxp.mcuxpresso.tools.win32_25.6.0.202501151204/tools/bin/../lib/gcc/arm-none-eabi/14.2.1/../../../../arm-none-eabi/lib/thumb/v7-m/nofp\libcr_c.a(_deferredlazyseek.o): in function `__flsbuf':
/opt/jenkins/workspace/Libraries_RedEye/Redlib/redlib_clib/armv7-m/../src/_deferredlazyseek.c:174:(.text.__flsbuf+0x8c): undefined reference to `__sys_istty'
C:/nxp/MCUXpressoIDE_25.6.136/ide/plugins/com.nxp.mcuxpresso.tools.win32_25.6.0.202501151204/tools/bin/../lib/gcc/arm-none-eabi/14.2.1/../../../../arm-none-eabi/bin/ld.exe: C:/nxp/MCUXpressoIDE_25.6.136/ide/plugins/com.nxp.mcuxpresso.tools.win32_25.6.0.202501151204/tools/bin/../lib/gcc/arm-none-eabi/14.2.1/../../../../arm-none-eabi/lib/thumb/v7-m/nofp\libcr_c.a(_writebuf.o): in function `_Cwritebuf':
/opt/jenkins/workspace/Libraries_RedEye/Redlib/redlib_clib/armv7-m/../src/_writebuf.c:116:(.text._Cwritebuf+0x14): undefined reference to `__sys_flen'
C:/nxp/MCUXpressoIDE_25.6.136/ide/plugins/com.nxp.mcuxpresso.tools.win32_25.6.0.202501151204/tools/bin/../lib/gcc/arm-none-eabi/14.2.1/../../../../arm-none-eabi/bin/ld.exe: /opt/jenkins/workspace/Libraries_RedEye/Redlib/redlib_clib/armv7-m/../src/_writebuf.c:122:(.text._Cwritebuf+0x22): undefined reference to `__sys_seek'
C:/nxp/MCUXpressoIDE_25.6.136/ide/plugins/com.nxp.mcuxpresso.tools.win32_25.6.0.202501151204/tools/bin/../lib/gcc/arm-none-eabi/14.2.1/../../../../arm-none-eabi/bin/ld.exe: /opt/jenkins/workspace/Libraries_RedEye/Redlib/redlib_clib/armv7-m/../src/_writebuf.c:129:(.text._Cwritebuf+0x46): undefined reference to `__sys_write'
C:/nxp/MCUXpressoIDE_25.6.136/ide/plugins/com.nxp.mcuxpresso.tools.win32_25.6.0.202501151204/tools/bin/../lib/gcc/arm-none-eabi/14.2.1/../../../../arm-none-eabi/bin/ld.exe: C:/nxp/MCUXpressoIDE_25.6.136/ide/plugins/com.nxp.mcuxpresso.tools.win32_25.6.0.202501151204/tools/bin/../lib/gcc/arm-none-eabi/14.2.1/../../../../arm-none-eabi/lib/thumb/v7-m/nofp\libcr_c.a(alloc.o): in function `_Csys_alloc':
/opt/jenkins/workspace/Libraries_RedEye/Redlib/redlib_clib/armv7-m/../src/alloc.c:261:(.text._Csys_alloc+0xe): undefined reference to `__sys_write'
C:/nxp/MCUXpressoIDE_25.6.136/ide/plugins/com.nxp.mcuxpresso.tools.win32_25.6.0.202501151204/tools/bin/../lib/gcc/arm-none-eabi/14.2.1/../../../../arm-none-eabi/bin/ld.exe: /opt/jenkins/workspace/Libraries_RedEye/Redlib/redlib_clib/armv7-m/../src/alloc.c:266:(.text._Csys_alloc+0x12): undefined reference to `__sys_appexit'
C:/nxp/MCUXpressoIDE_25.6.136/ide/plugins/com.nxp.mcuxpresso.tools.win32_25.6.0.202501151204/tools/bin/../lib/gcc/arm-none-eabi/14.2.1/../../../../arm-none-eabi/bin/ld.exe: C:/nxp/MCUXpressoIDE_25.6.136/ide/plugins/com.nxp.mcuxpresso.tools.win32_25.6.0.202501151204/tools/bin/../lib/gcc/arm-none-eabi/14.2.1/../../../../arm-none-eabi/lib/thumb/v7-m/nofp\libcr_c.a(fseek.o): in function `fseek':
/opt/jenkins/workspace/Libraries_RedEye/Redlib/redlib_clib/armv7-m/../src/fseek.c:108:(.text.fseek+0x18): undefined reference to `__sys_istty'
C:/nxp/MCUXpressoIDE_25.6.136/ide/plugins/com.nxp.mcuxpresso.tools.win32_25.6.0.202501151204/tools/bin/../lib/gcc/arm-none-eabi/14.2.1/../../../../arm-none-eabi/bin/ld.exe: /opt/jenkins/workspace/Libraries_RedEye/Redlib/redlib_clib/armv7-m/../src/fseek.c:120:(.text.fseek+0x92): undefined reference to `__sys_flen'
Memory region         Used Size  Region Size  %age Used
       MFlash512:       10944 B       512 KB      2.09%
        RamLoc32:         240 B        32 KB      0.73%
        RamAHB32:           0 B        32 KB      0.00%
collect2.exe: error: ld returned 1 exit status
make[1]: *** [makefile:44: PiedraPapelTijera.axf] Error 1
make: *** [makefile:35: all] Error 2
"make -r -j16 all" terminated with exit code 2. Build might be incomplete.

01:48:46 Build Failed. 12 errors, 0 warnings. (took 189ms)

